<?xml version="1.0" encoding="UTF-8"?>
<testng-results skipped="0" failed="0" ignored="0" total="1" passed="1">
  <reporter-output>
  </reporter-output>
  <suite name="Default suite" duration-ms="25033" started-at="2018-06-03T07:15:57Z" finished-at="2018-06-03T07:16:22Z">
    <groups>
    </groups>
    <test name="Default test" duration-ms="25033" started-at="2018-06-03T07:15:57Z" finished-at="2018-06-03T07:16:22Z">
      <class name="testcases.TC003_CreateLead">
        <test-method status="PASS" signature="beforeSuite()[pri:0, instance:testcases.TC003_CreateLead@127bd23]" name="beforeSuite" is-config="true" duration-ms="344" started-at="2018-06-03T07:15:57Z" finished-at="2018-06-03T07:15:57Z">
          <reporter-output>
          </reporter-output>
        </test-method> <!-- beforeSuite -->
        <test-method status="PASS" signature="setData()[pri:0, instance:testcases.TC003_CreateLead@127bd23]" name="setData" is-config="true" duration-ms="0" started-at="2018-06-03T07:15:57Z" finished-at="2018-06-03T07:15:57Z">
          <reporter-output>
          </reporter-output>
        </test-method> <!-- setData -->
        <test-method status="PASS" signature="beforeClass()[pri:0, instance:testcases.TC003_CreateLead@127bd23]" name="beforeClass" is-config="true" duration-ms="0" started-at="2018-06-03T07:15:57Z" finished-at="2018-06-03T07:15:57Z">
          <reporter-output>
          </reporter-output>
        </test-method> <!-- beforeClass -->
        <test-method status="PASS" signature="beforeMethod()[pri:0, instance:testcases.TC003_CreateLead@127bd23]" name="beforeMethod" is-config="true" duration-ms="5272" started-at="2018-06-03T07:15:58Z" finished-at="2018-06-03T07:16:03Z">
          <reporter-output>
          </reporter-output>
        </test-method> <!-- beforeMethod -->
        <test-method status="PASS" signature="CreateLead(java.lang.String, java.lang.String, java.lang.String, java.lang.String, java.lang.String, java.lang.String)[pri:0, instance:testcases.TC003_CreateLead@127bd23]" name="CreateLead" duration-ms="17090" started-at="2018-06-03T07:16:03Z" data-provider="fetchData" finished-at="2018-06-03T07:16:20Z">
          <params>
            <param index="0">
              <value>
                <![CDATA[DemoSalesManager]]>
              </value>
            </param>
            <param index="1">
              <value>
                <![CDATA[crmsfa]]>
              </value>
            </param>
            <param index="2">
              <value>
                <![CDATA[Cognizant]]>
              </value>
            </param>
            <param index="3">
              <value>
                <![CDATA[Kausalya]]>
              </value>
            </param>
            <param index="4">
              <value>
                <![CDATA[Karthik]]>
              </value>
            </param>
            <param index="5">
              <value>
                <![CDATA[Kausalya]]>
              </value>
            </param>
          </params>
          <reporter-output>
          </reporter-output>
        </test-method> <!-- CreateLead -->
        <test-method status="PASS" signature="afterMethod()[pri:0, instance:testcases.TC003_CreateLead@127bd23]" name="afterMethod" is-config="true" duration-ms="2138" started-at="2018-06-03T07:16:20Z" finished-at="2018-06-03T07:16:22Z">
          <reporter-output>
          </reporter-output>
        </test-method> <!-- afterMethod -->
        <test-method status="PASS" signature="afterTest()[pri:0, instance:testcases.TC003_CreateLead@127bd23]" name="afterTest" is-config="true" duration-ms="0" started-at="2018-06-03T07:16:22Z" finished-at="2018-06-03T07:16:22Z">
          <reporter-output>
          </reporter-output>
        </test-method> <!-- afterTest -->
        <test-method status="PASS" signature="afterSuite()[pri:0, instance:testcases.TC003_CreateLead@127bd23]" name="afterSuite" is-config="true" duration-ms="251" started-at="2018-06-03T07:16:22Z" finished-at="2018-06-03T07:16:23Z">
          <reporter-output>
          </reporter-output>
        </test-method> <!-- afterSuite -->
      </class> <!-- testcases.TC003_CreateLead -->
    </test> <!-- Default test -->
  </suite> <!-- Default suite -->
</testng-results>
